0 info it worked if it ends with ok
1 verbose cli [ 'node', '/usr/local/bin/npm', 'install', '-g', 'cleaver' ]
2 info using npm@1.4.3
3 info using node@v0.10.26
4 verbose cache add [ 'cleaver', null ]
5 verbose cache add name=undefined spec="cleaver" args=["cleaver",null]
6 verbose parsed url { protocol: null,
6 verbose parsed url   slashes: null,
6 verbose parsed url   auth: null,
6 verbose parsed url   host: null,
6 verbose parsed url   port: null,
6 verbose parsed url   hostname: null,
6 verbose parsed url   hash: null,
6 verbose parsed url   search: null,
6 verbose parsed url   query: null,
6 verbose parsed url   pathname: 'cleaver',
6 verbose parsed url   path: 'cleaver',
6 verbose parsed url   href: 'cleaver' }
7 silly lockFile 856fa248-cleaver cleaver
8 verbose lock cleaver /Users/youqing/.npm/856fa248-cleaver.lock
9 silly lockFile 856fa248-cleaver cleaver
10 silly lockFile 856fa248-cleaver cleaver
11 verbose addNamed [ 'cleaver', '' ]
12 verbose addNamed [ null, '*' ]
13 silly lockFile 572c3e7c-cleaver cleaver@
14 verbose lock cleaver@ /Users/youqing/.npm/572c3e7c-cleaver.lock
15 silly addNameRange { name: 'cleaver', range: '*', hasData: false }
16 verbose url raw cleaver
17 verbose url resolving [ 'https://registry.npmjs.org/', './cleaver' ]
18 verbose url resolved https://registry.npmjs.org/cleaver
19 info trying registry request attempt 1 at 23:22:24
20 verbose etag "4BJH341WKN0KWPB555BIQORYY"
21 http GET https://registry.npmjs.org/cleaver
22 http 304 https://registry.npmjs.org/cleaver
23 silly registry.get cb [ 304,
23 silly registry.get   { date: 'Sat, 17 May 2014 15:22:26 GMT',
23 silly registry.get     server: 'Apache',
23 silly registry.get     via: '1.1 varnish',
23 silly registry.get     'last-modified': 'Sat, 17 May 2014 15:22:26 GMT',
23 silly registry.get     'cache-control': 'max-age=1',
23 silly registry.get     etag: '"4BJH341WKN0KWPB555BIQORYY"',
23 silly registry.get     'x-served-by': 'cache-ty68-TYO',
23 silly registry.get     'x-cache': 'MISS',
23 silly registry.get     'x-cache-hits': '0',
23 silly registry.get     'x-timer': 'S1400340146.579360723,VS0,VE312',
23 silly registry.get     vary: 'Accept',
23 silly registry.get     'content-length': '0',
23 silly registry.get     'keep-alive': 'timeout=10, max=50',
23 silly registry.get     connection: 'Keep-Alive' } ]
24 verbose etag cleaver from cache
25 silly addNameRange number 2 { name: 'cleaver', range: '*', hasData: true }
26 silly addNameRange versions [ 'cleaver',
26 silly addNameRange   [ '0.0.0',
26 silly addNameRange     '0.0.1',
26 silly addNameRange     '0.0.2',
26 silly addNameRange     '0.0.3',
26 silly addNameRange     '0.0.4',
26 silly addNameRange     '0.0.4-1',
26 silly addNameRange     '0.0.5',
26 silly addNameRange     '0.0.5-1',
26 silly addNameRange     '0.2.0',
26 silly addNameRange     '0.2.5',
26 silly addNameRange     '0.3.0',
26 silly addNameRange     '0.3.1',
26 silly addNameRange     '0.4.0',
26 silly addNameRange     '0.4.1',
26 silly addNameRange     '0.4.2',
26 silly addNameRange     '0.4.2-1',
26 silly addNameRange     '0.4.2-2',
26 silly addNameRange     '0.5.0',
26 silly addNameRange     '0.5.1',
26 silly addNameRange     '0.5.2',
26 silly addNameRange     '0.5.3',
26 silly addNameRange     '0.5.4',
26 silly addNameRange     '0.5.5',
26 silly addNameRange     '0.6.0',
26 silly addNameRange     '0.6.1',
26 silly addNameRange     '0.6.2',
26 silly addNameRange     '0.6.3',
26 silly addNameRange     '0.6.4',
26 silly addNameRange     '0.6.5' ] ]
27 verbose addNamed [ 'cleaver', '0.6.5' ]
28 verbose addNamed [ '0.6.5', '0.6.5' ]
29 silly lockFile 6609925b-cleaver-0-6-5 cleaver@0.6.5
30 verbose lock cleaver@0.6.5 /Users/youqing/.npm/6609925b-cleaver-0-6-5.lock
31 silly lockFile 6609925b-cleaver-0-6-5 cleaver@0.6.5
32 silly lockFile 6609925b-cleaver-0-6-5 cleaver@0.6.5
33 silly lockFile 572c3e7c-cleaver cleaver@
34 silly lockFile 572c3e7c-cleaver cleaver@
35 silly resolved [ { name: 'cleaver',
35 silly resolved     preferGlobal: true,
35 silly resolved     version: '0.6.5',
35 silly resolved     author: { name: 'Jordan Scales', email: 'scalesjordan@gmail.com' },
35 silly resolved     description: '30-second slideshows for hackers',
35 silly resolved     keywords: [ 'markdown', 'static', 'slideshow', 'presentation' ],
35 silly resolved     bin: { cleaver: './bin/cleaver' },
35 silly resolved     main: './lib/cleaver',
35 silly resolved     repository: { type: 'git', url: 'https://github.com/jdan/cleaver.git' },
35 silly resolved     dependencies:
35 silly resolved      { optimist: '0.3.5',
35 silly resolved        mustache: '0.7.0',
35 silly resolved        q: '0.9.6',
35 silly resolved        'js-yaml': '2.1.0',
35 silly resolved        'highlight.js': '~7.3.0',
35 silly resolved        marked: '~0.2.9',
35 silly resolved        commander: '~2.1.0',
35 silly resolved        debug: '~0.8.0' },
35 silly resolved     devDependencies: { jshint: '~2.3.0' },
35 silly resolved     scripts: { test: 'jshint lib/ resources/script.js bin/cleaver' },
35 silly resolved     license: 'MIT',
35 silly resolved     readme: '# Cleaver\n\n30-second Slideshows for Hackers. http://jdan.github.io/cleaver/\n\n[![Travis Build](https://travis-ci.org/jdan/cleaver.png)](https://travis-ci.org/jdan/cleaver)\n[![NPM version](https://badge.fury.io/js/cleaver.png)](http://badge.fury.io/js/cleaver)\n\n## Intro\n\nCleaver turns this:\n\n    title: Basic Example\n    author:\n      name: Jordan Scales\n      twitter: jdan\n      url: http://jordanscales.com\n    output: basic.html\n    controls: true\n\n    --\n\n    # Cleaver 101\n    ## A first look at quick HTML presentations\n\n    --\n\n    ### A textual example\n\n    Content can be written in **Markdown!** New lines no longer need two angle brackets.\n\n    This will be in a separate paragraph\n\n    --\n\n    ### A list of things\n\n    * Item 1\n    * Item B\n    * Item gamma\n\n    No need for multiple templates!\n\nInto this:\n\n![output](https://i.cloudup.com/cIssKFjcB6.gif)\n\n## Quick Start\n\nGet it [on NPM](https://npmjs.org/package/cleaver):\n\n```\nnpm install -g cleaver\n```\n\nAnd run it like so:\n\n```bash\ncleaver path/to/something.md\n```\n\nYou can also watch for changes on a file and automatically recompile with:\n\n```bash\ncleaver watch path/to/something-changing.md\n\n# Watching for changes on presentation.md. Ctrl-C to abort.\n# Rebuilding: Thu Nov 07 2013 00:15:03 GMT-0500 (EST)\n# Rebuilding: Thu Nov 07 2013 00:15:21 GMT-0500 (EST)\n# Rebuilding: Thu Nov 07 2013 00:16:01 GMT-0500 (EST)\n# Rebuilding: Thu Nov 07 2013 00:16:09 GMT-0500 (EST)\n```\n\nUse the `--debug` flag to display debug information:\n\n```bash\n$ cleaver --debug examples/basic.md\n  cleaver loaded input document +0ms\n  helper read /Users/jordan/Projects/cleaver/templates/layout.mustache +0ms\n  helper read /Users/jordan/Projects/cleaver/templates/author.mustache +0ms\n  helper read /Users/jordan/Projects/cleaver/templates/default.mustache +0ms\n  cleaver loaded templates +3ms\n  cleaver parsed metadata +4ms\n  helper read /Users/jordan/Projects/cleaver/resources/default.css +13ms\n  helper read /Users/jordan/Projects/cleaver/resources/github.css +0ms\n  helper read /Users/jordan/Projects/cleaver/resources/script.js +0ms\n  cleaver loaded static assets +9ms\n  cleaver rendered slides +1ms\n  cleaver rendered presentation +1ms\n```\n\n## More Info\n\n**Cleaver** is a one-stop shop for generating HTML presentations in\nrecord time. Using some spiced up markdown, you can produce\ngood-looking, interactive presentations with a just a few lines of text.\n\nSlides are written in [Markdown](http://daringfireball.net/projects/markdown/),\nand are separated by two dashes (`--`).\n\n## Options\n\n    title: Basic Example\n    author:\n      name: Jordan Scales\n      twitter: jdan\n      url: http://jordanscales.com\n    style: basic-style.css\n    output: basic.html\n\nCleaver supports several basic options that allow you to further customize the\nlook and feel of your presentation, including author info, stylesheets, and\ncustom templates.\n\nSee the documentation on\n[options](https://github.com/jdan/cleaver/blob/master/docs/options.md) for more\ninformation.\n\nBe sure to check out the [wiki](https://github.com/jdan/cleaver/wiki) as well.\n\n## Themes\n\nCheck out the [themes](https://github.com/jdan/cleaver/wiki/Theme-Index)\npage on our [wiki](http://github.com/jdan/cleaver/wiki).\n\n    title: Theme Example\n    output: theme.html\n    theme: jdan/cleaver-retro\n\nCleaver has substantial theme support to give you more fine-grained control\nover your presentation, similar to [options](#options). Instead of manually\nspecifying a stylesheet, template, layout, and others, you can specify a single\ntheme containing each of these assets. More specifically, a theme may contain:\n\n* style.css - styles for your presentation\n* template.mustache - a template used to render the slides in your presentation\n* layout.mustache - a template used to render the entire document of your\npresentation\n* script.js - javascript to be included in your slideshow\n\nA theme does not need to contain all of these files, only the ones present\nwill be loaded into your slideshow.\n\n### Examples\n\n* [jdan/cleaver-retro](http://github.com/jdan/cleaver-retro)\n\n![cleaver-retro](https://i.cloudup.com/HLtcPJWJJl-1200x1200.png)\n\n* [matmuchrapna/cleaver-ribbon](http://github.com/matmuchrapna/cleaver-ribbon)\n– [Shower](http://shwr.me/) implemented in cleaver.\n\n![cleaver-ribbon](https://i.cloudup.com/GECEx5BmxI-1200x1200.png)\n\n* [sudodoki/reveal-cleaver-theme](http://github.com/sudodoki/reveal-cleaver-theme)\n– cleaver meets [reveal.js](http://lab.hakim.se/reveal-js/#/).\n\n![reveal-cleaver-theme](https://i.cloudup.com/wlzisDLe32-1200x1200.png)\n\n### Specifying Themes\n\nThemes may be specified by one of the following options:\n\n* An absolute or relative path to a directory\n* A URL to a directory\n* A github repository in the form of *username/reponame*\n\n### Overriding Themes\n\nBy default, *style.css* and *script.js* will be **appended** to the default\nstylesheets and javascripts included in cleaver presentations. If you wish to\ncompletely override these defaults, you must include another file in your\ntheme - options.json - corresponding to the following:\n\n```json\n{\n  "override": true\n}\n```\n\nTemplate files will automatically override the default templates.\n\n### More Info\n\nFor more information on themes, check out\n[our documentation](https://github.com/jdan/cleaver/blob/master/docs/themes.md).\n\n## Markup\n\nCleaver slides are rendered using the following template:\n\n```handlebars\n{{#slides}}\n  <div class="slide{{#hidden}} hidden{{/hidden}} {{classList}}" id="slide-{{id}}">\n    <section class="slide-content">{{{content}}}</section>\n  </div>\n{{/slides}}\n```\n\nAnd produce the following markup:\n\n```\n+-------------------------------+\n| #slide-N                      |\n|     +-------------------+     |\n|     | .slide-content    |     |\n|     |                   |     |\n|     |                   |     |\n|     |                   |     |\n|     |                   |     |\n|     +-------------------+     |\n|                               |\n|                               |\n| (navigation)                  |\n+-------------------------------+\n```\n\n**#slide-N** (for example, *#slide-3*) allows you to identify a particular\nfull-bleed slide by its position in the slideshow. It extends to the bounds of\nthe page.\n\n**.slide-content** is a smaller window which holds the actual content of the\nslide.\n\n### Class List\n\nA class list can be placed after each "slice" (denoted `--`) to help you\nstyle individual slides without worrying about their index.\n\n```\n-- bg\n\nThis slide will have a class "bg" associated with it\n\n-- bg blink\n\nThis one, too, but it will also have the class "blink"\n```\n\n## Slide Types\n\n### Title slide\n\n    # Cleaver 101\n    ## A first look at quick HTML presentations\n\n**h1** and **h2** elements (prefaced with *#* and *##* respectively), will\nautomatically include padding to render a title slide.\n\n### Other slides\n\n    ### A list of things\n\n    * Item 1\n    * Item B\n    * Item gamma\n\n    No need for multiple templates!\n\nSince slides are written in [Markdown](http://daringfireball.net/projects/markdown/),\nyou can include things like lists, images, and arbitrary HTML.\n\n**h3** tags (prefaced `###`) are automatically given a bottom border to\nrepresent a slide title.\n\n## Navigation\n\nCleaver supports keyboard navigation for switching between slides.\nAlternatively, click the control buttons located below the presentation.\n\nTo navigate the slideshow:\n\n* **forward**: K, L, UP, RIGHT, PgDn, and Space\n* **reverse**: H, J, LEFT, DOWN, PgUp, and Backspace\n\nThe toggle fullscreen mode, press the **ENTER** key.\n\n## Contributing\n\n* Fork it\n* Clone it\n* Install dependencies (`npm install`)\n* Checkout a release branch (`git checkout -b feature/cool-wordart`)\n* Make changes, commit, and push (`npm test` and make sure it passes)\n* Open a pull request!\n\nWith &lt;3,<br/>[@jdan](http://jordanscales.com)\n\n--\n\n[MIT Licensed](https://github.com/jdan/cleaver/blob/master/LICENSE)\n',
35 silly resolved     readmeFilename: 'README.md',
35 silly resolved     bugs: { url: 'https://github.com/jdan/cleaver/issues' },
35 silly resolved     homepage: 'https://github.com/jdan/cleaver',
35 silly resolved     _id: 'cleaver@0.6.5',
35 silly resolved     _from: 'cleaver@' } ]
36 info install cleaver@0.6.5 into /usr/local/lib
37 info installOne cleaver@0.6.5
38 info /usr/local/lib/node_modules/cleaver unbuild
39 verbose tar unpack /Users/youqing/.npm/cleaver/0.6.5/package.tgz
40 silly lockFile 102ae2d0-r-local-lib-node-modules-cleaver tar:///usr/local/lib/node_modules/cleaver
41 verbose lock tar:///usr/local/lib/node_modules/cleaver /Users/youqing/.npm/102ae2d0-r-local-lib-node-modules-cleaver.lock
42 silly lockFile b452ea76-ng-npm-cleaver-0-6-5-package-tgz tar:///Users/youqing/.npm/cleaver/0.6.5/package.tgz
43 verbose lock tar:///Users/youqing/.npm/cleaver/0.6.5/package.tgz /Users/youqing/.npm/b452ea76-ng-npm-cleaver-0-6-5-package-tgz.lock
44 silly gunzTarPerm modes [ '755', '644' ]
45 error Error: EACCES, mkdir '/usr/local/lib/node_modules/cleaver'
45 error  { [Error: EACCES, mkdir '/usr/local/lib/node_modules/cleaver']
45 error   errno: 3,
45 error   code: 'EACCES',
45 error   path: '/usr/local/lib/node_modules/cleaver',
45 error   fstream_type: 'Directory',
45 error   fstream_path: '/usr/local/lib/node_modules/cleaver',
45 error   fstream_class: 'DirWriter',
45 error   fstream_stack:
45 error    [ '/usr/local/lib/node_modules/npm/node_modules/fstream/lib/dir-writer.js:36:23',
45 error      '/usr/local/lib/node_modules/npm/node_modules/mkdirp/index.js:37:53',
45 error      'Object.oncomplete (fs.js:107:15)' ] }
46 error Please try running this command again as root/Administrator.
47 error System Darwin 13.2.0
48 error command "node" "/usr/local/bin/npm" "install" "-g" "cleaver"
49 error cwd /Users/youqing/Desktop/Cleaver
50 error node -v v0.10.26
51 error npm -v 1.4.3
52 error path /usr/local/lib/node_modules/cleaver
53 error fstream_path /usr/local/lib/node_modules/cleaver
54 error fstream_type Directory
55 error fstream_class DirWriter
56 error code EACCES
57 error errno 3
58 error stack Error: EACCES, mkdir '/usr/local/lib/node_modules/cleaver'
59 error fstream_stack /usr/local/lib/node_modules/npm/node_modules/fstream/lib/dir-writer.js:36:23
59 error fstream_stack /usr/local/lib/node_modules/npm/node_modules/mkdirp/index.js:37:53
59 error fstream_stack Object.oncomplete (fs.js:107:15)
60 verbose exit [ 3, true ]
